2025-08-24T10:15:50.666+08:00  INFO 20216 --- [demo] [restartedMain] com.example.demo.DemoApplication         : Starting DemoApplication using Java 17.0.12 with PID 20216 (C:\Users\Master\Downloads\demo\demo\target\classes started by Master in C:\Users\Master\Downloads\demo\demo)
2025-08-24T10:15:50.666+08:00  INFO 20216 --- [demo] [restartedMain] com.example.demo.DemoApplication         : No active profile set, falling back to 1 default profile: "default"
2025-08-24T10:15:50.744+08:00  INFO 20216 --- [demo] [restartedMain] .e.DevToolsPropertyDefaultsPostProcessor : Devtools property defaults active! Set 'spring.devtools.add-properties' to 'false' to disable
2025-08-24T10:15:50.756+08:00  INFO 20216 --- [demo] [restartedMain] .e.DevToolsPropertyDefaultsPostProcessor : For additional web related logging consider setting the 'logging.level.web' property to 'DEBUG'
2025-08-24T10:15:52.402+08:00  INFO 20216 --- [demo] [restartedMain] o.s.b.w.embedded.tomcat.TomcatWebServer  : Tomcat initialized with port 8080 (http)
2025-08-24T10:15:52.419+08:00  INFO 20216 --- [demo] [restartedMain] o.apache.catalina.core.StandardService   : Starting service [Tomcat]
2025-08-24T10:15:52.419+08:00  INFO 20216 --- [demo] [restartedMain] o.apache.catalina.core.StandardEngine    : Starting Servlet engine: [Apache Tomcat/10.1.40]
2025-08-24T10:15:52.482+08:00  INFO 20216 --- [demo] [restartedMain] o.a.c.c.C.[Tomcat].[localhost].[/]       : Initializing Spring embedded WebApplicationContext
2025-08-24T10:15:52.485+08:00  INFO 20216 --- [demo] [restartedMain] w.s.c.ServletWebServerApplicationContext : Root WebApplicationContext: initialization completed in 1726 ms
2025-08-24T10:15:53.005+08:00  INFO 20216 --- [demo] [restartedMain] eAuthenticationProviderManagerConfigurer : Global AuthenticationManager configured with AuthenticationProvider bean with name authenticationProvider
2025-08-24T10:15:53.005+08:00  WARN 20216 --- [demo] [restartedMain] r$InitializeUserDetailsManagerConfigurer : Global AuthenticationManager configured with an AuthenticationProvider bean. UserDetailsService beans will not be used by Spring Security for automatically configuring username/password login. Consider removing the AuthenticationProvider bean. Alternatively, consider using the UserDetailsService in a manually instantiated DaoAuthenticationProvider. If the current configuration is intentional, to turn off this warning, increase the logging level of 'org.springframework.security.config.annotation.authentication.configuration.InitializeUserDetailsBeanManagerConfigurer' to ERROR
2025-08-24T10:15:53.664+08:00 DEBUG 20216 --- [demo] [restartedMain] o.s.s.web.DefaultSecurityFilterChain     : Will secure any request with filters: DisableEncodeUrlFilter, WebAsyncManagerIntegrationFilter, SecurityContextHolderFilter, HeaderWriterFilter, CorsFilter, LogoutFilter, JwtAuthenticationFilter, RequestCacheAwareFilter, SecurityContextHolderAwareRequestFilter, AnonymousAuthenticationFilter, SessionManagementFilter, ExceptionTranslationFilter, AuthorizationFilter
2025-08-24T10:15:54.135+08:00  INFO 20216 --- [demo] [restartedMain] o.s.b.d.a.OptionalLiveReloadServer       : LiveReload server is running on port 35729
2025-08-24T10:15:54.208+08:00  INFO 20216 --- [demo] [restartedMain] o.s.b.w.embedded.tomcat.TomcatWebServer  : Tomcat started on port 8080 (http) with context path '/'
2025-08-24T10:15:54.224+08:00  INFO 20216 --- [demo] [restartedMain] com.example.demo.DemoApplication         : Started DemoApplication in 4.109 seconds (process running for 4.521)
2025-08-24T10:16:01.121+08:00  INFO 20216 --- [demo] [http-nio-8080-exec-4] o.a.c.c.C.[Tomcat].[localhost].[/]       : Initializing Spring DispatcherServlet 'dispatcherServlet'
2025-08-24T10:16:01.121+08:00  INFO 20216 --- [demo] [http-nio-8080-exec-4] o.s.web.servlet.DispatcherServlet        : Initializing Servlet 'dispatcherServlet'
2025-08-24T10:16:01.121+08:00  INFO 20216 --- [demo] [http-nio-8080-exec-4] o.s.web.servlet.DispatcherServlet        : Completed initialization in 0 ms
2025-08-24T10:16:01.154+08:00 DEBUG 20216 --- [demo] [http-nio-8080-exec-4] o.s.security.web.FilterChainProxy        : Securing POST /api/v1/auth/login
2025-08-24T10:16:01.206+08:00 DEBUG 20216 --- [demo] [http-nio-8080-exec-4] o.s.s.w.a.AnonymousAuthenticationFilter  : Set SecurityContextHolder to anonymous SecurityContext
2025-08-24T10:16:01.208+08:00 DEBUG 20216 --- [demo] [http-nio-8080-exec-4] o.s.security.web.FilterChainProxy        : Secured POST /api/v1/auth/login
2025-08-24T10:16:01.581+08:00  INFO 20216 --- [demo] [http-nio-8080-exec-4] com.zaxxer.hikari.HikariDataSource       : HikariPool-1 - Starting...
2025-08-24T10:16:02.218+08:00  INFO 20216 --- [demo] [http-nio-8080-exec-4] com.zaxxer.hikari.pool.HikariPool        : HikariPool-1 - Added connection com.mysql.cj.jdbc.ConnectionImpl@5ea6e437
2025-08-24T10:16:02.222+08:00  INFO 20216 --- [demo] [http-nio-8080-exec-4] com.zaxxer.hikari.HikariDataSource       : HikariPool-1 - Start completed.
2025-08-24T10:16:02.382+08:00 DEBUG 20216 --- [demo] [http-nio-8080-exec-4] o.s.s.a.dao.DaoAuthenticationProvider    : Authenticated user
2025-08-24T10:16:02.382+08:00  INFO 20216 --- [demo] [http-nio-8080-exec-4] c.example.demo.auth.service.JwtService   : User Details: CustomUserDetails(id=10, username=last, password=$2a$10$RLHd8ZUquaG03hWHgmNB0.WGSKmiCO08s.ek1oXsYD/EvjvCY8fVG)
2025-08-24T10:16:02.543+08:00 DEBUG 20216 --- [demo] [http-nio-8080-exec-7] o.s.security.web.FilterChainProxy        : Securing GET /user/today/stat/null
2025-08-24T10:16:02.543+08:00 DEBUG 20216 --- [demo] [http-nio-8080-exec-3] o.s.security.web.FilterChainProxy        : Securing GET /user/null
2025-08-24T10:16:02.546+08:00 DEBUG 20216 --- [demo] [http-nio-8080-exec-3] o.s.s.w.a.AnonymousAuthenticationFilter  : Set SecurityContextHolder to anonymous SecurityContext
2025-08-24T10:16:02.546+08:00 DEBUG 20216 --- [demo] [http-nio-8080-exec-7] o.s.s.w.a.AnonymousAuthenticationFilter  : Set SecurityContextHolder to anonymous SecurityContext
2025-08-24T10:16:02.548+08:00 DEBUG 20216 --- [demo] [http-nio-8080-exec-7] o.s.s.w.a.Http403ForbiddenEntryPoint     : Pre-authenticated entry point called. Rejecting access
2025-08-24T10:16:02.548+08:00 DEBUG 20216 --- [demo] [http-nio-8080-exec-3] o.s.s.w.a.Http403ForbiddenEntryPoint     : Pre-authenticated entry point called. Rejecting access
2025-08-24T10:16:02.559+08:00 DEBUG 20216 --- [demo] [http-nio-8080-exec-3] o.s.security.web.FilterChainProxy        : Securing GET /error
2025-08-24T10:16:02.559+08:00 DEBUG 20216 --- [demo] [http-nio-8080-exec-7] o.s.security.web.FilterChainProxy        : Securing GET /error
2025-08-24T10:16:02.560+08:00 DEBUG 20216 --- [demo] [http-nio-8080-exec-3] o.s.s.w.a.AnonymousAuthenticationFilter  : Set SecurityContextHolder to anonymous SecurityContext
2025-08-24T10:16:02.560+08:00 DEBUG 20216 --- [demo] [http-nio-8080-exec-7] o.s.s.w.a.AnonymousAuthenticationFilter  : Set SecurityContextHolder to anonymous SecurityContext
2025-08-24T10:16:02.560+08:00 DEBUG 20216 --- [demo] [http-nio-8080-exec-7] o.s.s.w.a.Http403ForbiddenEntryPoint     : Pre-authenticated entry point called. Rejecting access
2025-08-24T10:16:02.560+08:00 DEBUG 20216 --- [demo] [http-nio-8080-exec-3] o.s.s.w.a.Http403ForbiddenEntryPoint     : Pre-authenticated entry point called. Rejecting access
2025-08-24T10:16:02.567+08:00 DEBUG 20216 --- [demo] [http-nio-8080-exec-8] o.s.security.web.FilterChainProxy        : Securing GET /user/today/stat/null
2025-08-24T10:16:02.567+08:00 DEBUG 20216 --- [demo] [http-nio-8080-exec-2] o.s.security.web.FilterChainProxy        : Securing GET /user/null
2025-08-24T10:16:02.568+08:00 DEBUG 20216 --- [demo] [http-nio-8080-exec-2] o.s.s.w.a.AnonymousAuthenticationFilter  : Set SecurityContextHolder to anonymous SecurityContext
2025-08-24T10:16:02.568+08:00 DEBUG 20216 --- [demo] [http-nio-8080-exec-8] o.s.s.w.a.AnonymousAuthenticationFilter  : Set SecurityContextHolder to anonymous SecurityContext
2025-08-24T10:16:02.569+08:00 DEBUG 20216 --- [demo] [http-nio-8080-exec-8] o.s.s.w.a.Http403ForbiddenEntryPoint     : Pre-authenticated entry point called. Rejecting access
2025-08-24T10:16:02.569+08:00 DEBUG 20216 --- [demo] [http-nio-8080-exec-2] o.s.s.w.a.Http403ForbiddenEntryPoint     : Pre-authenticated entry point called. Rejecting access
2025-08-24T10:16:02.571+08:00 DEBUG 20216 --- [demo] [http-nio-8080-exec-8] o.s.security.web.FilterChainProxy        : Securing GET /error
2025-08-24T10:16:02.571+08:00 DEBUG 20216 --- [demo] [http-nio-8080-exec-2] o.s.security.web.FilterChainProxy        : Securing GET /error
2025-08-24T10:16:02.571+08:00 DEBUG 20216 --- [demo] [http-nio-8080-exec-8] o.s.s.w.a.AnonymousAuthenticationFilter  : Set SecurityContextHolder to anonymous SecurityContext
2025-08-24T10:16:02.571+08:00 DEBUG 20216 --- [demo] [http-nio-8080-exec-2] o.s.s.w.a.AnonymousAuthenticationFilter  : Set SecurityContextHolder to anonymous SecurityContext
2025-08-24T10:16:02.572+08:00 DEBUG 20216 --- [demo] [http-nio-8080-exec-2] o.s.s.w.a.Http403ForbiddenEntryPoint     : Pre-authenticated entry point called. Rejecting access
2025-08-24T10:16:02.572+08:00 DEBUG 20216 --- [demo] [http-nio-8080-exec-8] o.s.s.w.a.Http403ForbiddenEntryPoint     : Pre-authenticated entry point called. Rejecting access
2025-08-24T10:16:35.526+08:00  INFO 20216 --- [demo] [SpringApplicationShutdownHook] o.s.b.w.e.tomcat.GracefulShutdown        : Commencing graceful shutdown. Waiting for active requests to complete
2025-08-24T10:16:36.098+08:00  INFO 20216 --- [demo] [tomcat-shutdown] o.s.b.w.e.tomcat.GracefulShutdown        : Graceful shutdown complete
2025-08-24T10:16:36.103+08:00  INFO 20216 --- [demo] [SpringApplicationShutdownHook] com.zaxxer.hikari.HikariDataSource       : HikariPool-1 - Shutdown initiated...
2025-08-24T10:16:36.126+08:00  INFO 20216 --- [demo] [SpringApplicationShutdownHook] com.zaxxer.hikari.HikariDataSource       : HikariPool-1 - Shutdown completed.
2025-08-24T10:22:11.922+08:00  INFO 10100 --- [demo] [restartedMain] com.example.demo.DemoApplication         : Starting DemoApplication using Java 17.0.12 with PID 10100 (C:\Users\Master\Downloads\demo\demo\target\classes started by Master in C:\Users\Master\Downloads\demo\demo)
2025-08-24T10:22:11.933+08:00  INFO 10100 --- [demo] [restartedMain] com.example.demo.DemoApplication         : No active profile set, falling back to 1 default profile: "default"
2025-08-24T10:22:12.010+08:00  INFO 10100 --- [demo] [restartedMain] .e.DevToolsPropertyDefaultsPostProcessor : Devtools property defaults active! Set 'spring.devtools.add-properties' to 'false' to disable
2025-08-24T10:22:12.010+08:00  INFO 10100 --- [demo] [restartedMain] .e.DevToolsPropertyDefaultsPostProcessor : For additional web related logging consider setting the 'logging.level.web' property to 'DEBUG'
2025-08-24T10:22:13.854+08:00  INFO 10100 --- [demo] [restartedMain] o.s.b.w.embedded.tomcat.TomcatWebServer  : Tomcat initialized with port 8080 (http)
2025-08-24T10:22:13.868+08:00  INFO 10100 --- [demo] [restartedMain] o.apache.catalina.core.StandardService   : Starting service [Tomcat]
2025-08-24T10:22:13.868+08:00  INFO 10100 --- [demo] [restartedMain] o.apache.catalina.core.StandardEngine    : Starting Servlet engine: [Apache Tomcat/10.1.40]
2025-08-24T10:22:13.910+08:00  INFO 10100 --- [demo] [restartedMain] o.a.c.c.C.[Tomcat].[localhost].[/]       : Initializing Spring embedded WebApplicationContext
2025-08-24T10:22:13.910+08:00  INFO 10100 --- [demo] [restartedMain] w.s.c.ServletWebServerApplicationContext : Root WebApplicationContext: initialization completed in 1900 ms
2025-08-24T10:22:14.265+08:00  INFO 10100 --- [demo] [restartedMain] eAuthenticationProviderManagerConfigurer : Global AuthenticationManager configured with AuthenticationProvider bean with name authenticationProvider
2025-08-24T10:22:14.265+08:00  WARN 10100 --- [demo] [restartedMain] r$InitializeUserDetailsManagerConfigurer : Global AuthenticationManager configured with an AuthenticationProvider bean. UserDetailsService beans will not be used by Spring Security for automatically configuring username/password login. Consider removing the AuthenticationProvider bean. Alternatively, consider using the UserDetailsService in a manually instantiated DaoAuthenticationProvider. If the current configuration is intentional, to turn off this warning, increase the logging level of 'org.springframework.security.config.annotation.authentication.configuration.InitializeUserDetailsBeanManagerConfigurer' to ERROR
2025-08-24T10:22:14.796+08:00 DEBUG 10100 --- [demo] [restartedMain] o.s.s.web.DefaultSecurityFilterChain     : Will secure any request with filters: DisableEncodeUrlFilter, WebAsyncManagerIntegrationFilter, SecurityContextHolderFilter, HeaderWriterFilter, CorsFilter, LogoutFilter, JwtAuthenticationFilter, RequestCacheAwareFilter, SecurityContextHolderAwareRequestFilter, AnonymousAuthenticationFilter, SessionManagementFilter, ExceptionTranslationFilter, AuthorizationFilter
2025-08-24T10:22:15.054+08:00  INFO 10100 --- [demo] [restartedMain] o.s.b.d.a.OptionalLiveReloadServer       : LiveReload server is running on port 35729
2025-08-24T10:22:15.108+08:00  INFO 10100 --- [demo] [restartedMain] o.s.b.w.embedded.tomcat.TomcatWebServer  : Tomcat started on port 8080 (http) with context path '/'
2025-08-24T10:22:15.128+08:00  INFO 10100 --- [demo] [restartedMain] com.example.demo.DemoApplication         : Started DemoApplication in 3.79 seconds (process running for 4.27)
2025-08-24T10:22:22.722+08:00  INFO 10100 --- [demo] [SpringApplicationShutdownHook] o.s.b.w.e.tomcat.GracefulShutdown        : Commencing graceful shutdown. Waiting for active requests to complete
2025-08-24T10:22:23.301+08:00  INFO 10100 --- [demo] [tomcat-shutdown] o.s.b.w.e.tomcat.GracefulShutdown        : Graceful shutdown complete
